<?xml version="1.0" encoding="UTF-8"?>
<!-- Generated by org.testng.reporters.JUnitReportReporter -->
<testsuite skipped="0" hostname="VAIO" name="com.cucumber.framework.runner.productCategory.ProductCategoryMenu" tests="1" failures="0" timestamp="02 Apr 2018 08:21:46 GMT" time="32.093" errors="0">
  <testcase name="feature" time="32.093" classname="com.cucumber.framework.runner.productCategory.ProductCategoryMenu"/>
</testsuite> <!-- com.cucumber.framework.runner.productCategory.ProductCategoryMenu -->
