<?xml version="1.0" encoding="UTF-8"?>
<!-- Generated by org.testng.reporters.JUnitReportReporter -->
<testsuite skipped="0" hostname="VAIO" name="com.cucumber.framework.runner.login.LoginRunner" tests="1" failures="0" timestamp="02 Apr 2018 08:20:50 GMT" time="32.857" errors="0">
  <testcase name="feature" time="32.857" classname="com.cucumber.framework.runner.login.LoginRunner"/>
</testsuite> <!-- com.cucumber.framework.runner.login.LoginRunner -->
